2025-06-30 12:35:01,933 INFO o.a.j.u.JMeterUtils: Setting Locale to en_US
2025-06-30 12:35:01,969 INFO o.a.j.JMeter: Loading system properties from: system.properties
2025-06-30 12:35:01,970 INFO o.a.j.JMeter: Setting System property: sun.net.http.allowRestrictedHeaders=true
2025-06-30 12:35:01,981 INFO o.a.j.JMeter: Copyright (c) 1998-2024 The Apache Software Foundation
2025-06-30 12:35:01,981 INFO o.a.j.JMeter: Version 5.6.3
2025-06-30 12:35:01,981 INFO o.a.j.JMeter: java.version=23.0.2
2025-06-30 12:35:01,982 INFO o.a.j.JMeter: java.vm.name=Java HotSpot(TM) 64-Bit Server VM
2025-06-30 12:35:01,982 INFO o.a.j.JMeter: os.name=Windows 11
2025-06-30 12:35:01,983 INFO o.a.j.JMeter: os.arch=amd64
2025-06-30 12:35:01,983 INFO o.a.j.JMeter: os.version=10.0
2025-06-30 12:35:01,983 INFO o.a.j.JMeter: file.encoding=UTF-8
2025-06-30 12:35:01,983 INFO o.a.j.JMeter: java.awt.headless=true
2025-06-30 12:35:01,983 INFO o.a.j.JMeter: Max memory     =536870912
2025-06-30 12:35:01,983 INFO o.a.j.JMeter: Available Processors =8
2025-06-30 12:35:02,003 INFO o.a.j.JMeter: Default Locale=English (United States)
2025-06-30 12:35:02,004 INFO o.a.j.JMeter: JMeter  Locale=English (United States)
2025-06-30 12:35:02,005 INFO o.a.j.JMeter: JMeterHome=C:\Users\vijet\seleniumProject\automationexercise-tests\target\9718b6eb-126d-4558-8ca8-237a01d01268\jmeter
2025-06-30 12:35:02,005 INFO o.a.j.JMeter: user.dir  =C:\Users\vijet\seleniumProject\automationexercise-tests\target\9718b6eb-126d-4558-8ca8-237a01d01268\jmeter\bin
2025-06-30 12:35:02,006 INFO o.a.j.JMeter: PWD       =C:\Users\vijet\seleniumProject\automationexercise-tests\target\9718b6eb-126d-4558-8ca8-237a01d01268\jmeter\bin
2025-06-30 12:35:02,022 INFO o.a.j.JMeter: IP: 192.168.0.180 Name: VP FullName: host.docker.internal
2025-06-30 12:35:02,059 INFO o.a.j.s.FileServer: Default base='C:\Users\vijet\seleniumProject\automationexercise-tests\target\9718b6eb-126d-4558-8ca8-237a01d01268\jmeter\bin'
2025-06-30 12:35:02,061 INFO o.a.j.s.FileServer: Set new base='C:\Users\vijet\seleniumProject\automationexercise-tests\target\jmeter\testFiles'
2025-06-30 12:35:02,627 INFO o.a.j.s.SaveService: Testplan (JMX) version: 2.2. Testlog (JTL) version: 2.2
2025-06-30 12:35:02,705 INFO o.a.j.s.SaveService: Using SaveService properties version 5.0
2025-06-30 12:35:02,715 INFO o.a.j.s.SaveService: Using SaveService properties file encoding UTF-8
2025-06-30 12:35:02,721 INFO o.a.j.s.SaveService: Loading file: C:\Users\vijet\seleniumProject\automationexercise-tests\target\jmeter\testFiles\GetProducts.jmx
2025-06-30 12:35:02,841 INFO o.a.j.p.h.s.HTTPSamplerBase: Parser for text/html is org.apache.jmeter.protocol.http.parser.LagartoBasedHtmlParser
2025-06-30 12:35:02,841 INFO o.a.j.p.h.s.HTTPSamplerBase: Parser for application/xhtml+xml is org.apache.jmeter.protocol.http.parser.LagartoBasedHtmlParser
2025-06-30 12:35:02,842 INFO o.a.j.p.h.s.HTTPSamplerBase: Parser for application/xml is org.apache.jmeter.protocol.http.parser.LagartoBasedHtmlParser
2025-06-30 12:35:02,842 INFO o.a.j.p.h.s.HTTPSamplerBase: Parser for text/xml is org.apache.jmeter.protocol.http.parser.LagartoBasedHtmlParser
2025-06-30 12:35:02,842 INFO o.a.j.p.h.s.HTTPSamplerBase: Parser for text/vnd.wap.wml is org.apache.jmeter.protocol.http.parser.RegexpHTMLParser
2025-06-30 12:35:02,842 INFO o.a.j.p.h.s.HTTPSamplerBase: Parser for text/css is org.apache.jmeter.protocol.http.parser.CssParser
2025-06-30 12:35:02,903 INFO o.a.j.JMeter: Creating summariser <summary>
2025-06-30 12:35:02,929 INFO o.a.j.e.StandardJMeterEngine: Running the test!
2025-06-30 12:35:02,930 INFO o.a.j.s.SampleEvent: List of sample_variables: []
2025-06-30 12:35:02,930 INFO o.a.j.s.SampleEvent: List of sample_variables: []
2025-06-30 12:35:02,947 INFO o.a.j.e.u.CompoundVariable: Note: Function class names must contain the string: '.functions.'
2025-06-30 12:35:02,947 INFO o.a.j.e.u.CompoundVariable: Note: Function class names must not contain the string: '.gui.'
2025-06-30 12:35:03,106 INFO o.a.j.JMeter: Running test (1751312103106)
2025-06-30 12:35:03,131 INFO o.a.j.e.StandardJMeterEngine: Starting ThreadGroup: 1 : Thread Group
2025-06-30 12:35:03,132 INFO o.a.j.e.StandardJMeterEngine: Starting 10 threads for group Thread Group.
2025-06-30 12:35:03,132 INFO o.a.j.e.StandardJMeterEngine: Thread will continue on error
2025-06-30 12:35:03,132 INFO o.a.j.t.ThreadGroup: Starting thread group... number=1 threads=10 ramp-up=5 delayedStart=false
2025-06-30 12:35:03,144 INFO o.a.j.t.ThreadGroup: Started thread group number 1
2025-06-30 12:35:03,144 INFO o.a.j.e.StandardJMeterEngine: All thread groups have been started
2025-06-30 12:35:03,146 INFO o.a.j.t.JMeterThread: Thread started: Thread Group 1-1
2025-06-30 12:35:03,172 INFO o.a.j.p.h.s.HTTPHCAbstractImpl: Local host = VP
2025-06-30 12:35:03,183 INFO o.a.j.p.h.s.HTTPHC4Impl: HTTP request retry count = 0
2025-06-30 12:35:03,186 INFO o.a.j.s.SampleResult: Note: Sample TimeStamps are START times
2025-06-30 12:35:03,187 INFO o.a.j.s.SampleResult: sampleresult.default.encoding is set to UTF-8
2025-06-30 12:35:03,187 INFO o.a.j.s.SampleResult: sampleresult.useNanoTime=true
2025-06-30 12:35:03,187 INFO o.a.j.s.SampleResult: sampleresult.nanoThreadSleep=5000
2025-06-30 12:35:03,641 INFO o.a.j.t.JMeterThread: Thread started: Thread Group 1-2
2025-06-30 12:35:04,012 INFO o.a.j.r.Summariser: summary +      1 in 00:00:01 =    1.1/s Avg:   364 Min:   364 Max:   364 Err:     0 (0.00%) Active: 2 Started: 2 Finished: 0
2025-06-30 12:35:04,140 INFO o.a.j.t.JMeterThread: Thread started: Thread Group 1-3
2025-06-30 12:35:04,640 INFO o.a.j.t.JMeterThread: Thread started: Thread Group 1-4
2025-06-30 12:35:05,140 INFO o.a.j.t.JMeterThread: Thread started: Thread Group 1-5
2025-06-30 12:35:05,639 INFO o.a.j.t.JMeterThread: Thread started: Thread Group 1-6
2025-06-30 12:35:06,140 INFO o.a.j.t.JMeterThread: Thread started: Thread Group 1-7
2025-06-30 12:35:06,637 INFO o.a.j.t.JMeterThread: Thread started: Thread Group 1-8
2025-06-30 12:35:07,136 INFO o.a.j.t.JMeterThread: Thread started: Thread Group 1-9
2025-06-30 12:35:07,637 INFO o.a.j.t.JMeterThread: Thread started: Thread Group 1-10
2025-06-30 12:35:07,743 INFO o.a.j.t.JMeterThread: Thread is done: Thread Group 1-2
2025-06-30 12:35:07,743 INFO o.a.j.t.JMeterThread: Thread finished: Thread Group 1-2
2025-06-30 12:35:09,155 INFO o.a.j.t.JMeterThread: Thread is done: Thread Group 1-1
2025-06-30 12:35:09,155 INFO o.a.j.t.JMeterThread: Thread finished: Thread Group 1-1
2025-06-30 12:35:11,542 INFO o.a.j.t.JMeterThread: Thread is done: Thread Group 1-4
2025-06-30 12:35:11,542 INFO o.a.j.t.JMeterThread: Thread finished: Thread Group 1-4
2025-06-30 12:35:11,742 INFO o.a.j.t.JMeterThread: Thread is done: Thread Group 1-3
2025-06-30 12:35:11,742 INFO o.a.j.t.JMeterThread: Thread finished: Thread Group 1-3
2025-06-30 12:35:12,744 INFO o.a.j.t.JMeterThread: Thread is done: Thread Group 1-5
2025-06-30 12:35:12,745 INFO o.a.j.t.JMeterThread: Thread finished: Thread Group 1-5
2025-06-30 12:35:13,136 INFO o.a.j.t.JMeterThread: Thread is done: Thread Group 1-6
2025-06-30 12:35:13,136 INFO o.a.j.t.JMeterThread: Thread finished: Thread Group 1-6
2025-06-30 12:35:13,250 INFO o.a.j.t.JMeterThread: Thread is done: Thread Group 1-7
2025-06-30 12:35:13,250 INFO o.a.j.t.JMeterThread: Thread finished: Thread Group 1-7
2025-06-30 12:35:13,644 INFO o.a.j.t.JMeterThread: Thread is done: Thread Group 1-8
2025-06-30 12:35:13,645 INFO o.a.j.t.JMeterThread: Thread finished: Thread Group 1-8
2025-06-30 12:35:13,842 INFO o.a.j.t.JMeterThread: Thread is done: Thread Group 1-9
2025-06-30 12:35:13,843 INFO o.a.j.t.JMeterThread: Thread finished: Thread Group 1-9
2025-06-30 12:35:14,042 INFO o.a.j.t.JMeterThread: Thread is done: Thread Group 1-10
2025-06-30 12:35:14,042 INFO o.a.j.t.JMeterThread: Thread finished: Thread Group 1-10
2025-06-30 12:35:14,043 INFO o.a.j.e.StandardJMeterEngine: Notifying test listeners of end of test
2025-06-30 12:35:14,044 INFO o.a.j.r.Summariser: summary +     99 in 00:00:10 =    9.9/s Avg:   670 Min:   128 Max:  1189 Err:     0 (0.00%) Active: 0 Started: 10 Finished: 10
2025-06-30 12:35:14,045 INFO o.a.j.r.Summariser: summary =    100 in 00:00:11 =    9.1/s Avg:   667 Min:   128 Max:  1189 Err:     0 (0.00%)
